<?xml version="1.0" encoding="UTF-8"?>
<!-- Generated by org.testng.reporters.JUnitReportReporter -->
<testsuite skipped="0" hostname="DESKTOP-TPO6503" name="com.loginnn.fixture.Parameter_Revise" tests="1" failures="0" timestamp="2021-01-30T21:43:20 IST" time="0.064" errors="0">
  <testcase name="credentials" time="0.064" classname="com.loginnn.fixture.Parameter_Revise"/>
  <system-out/>
</testsuite> <!-- com.loginnn.fixture.Parameter_Revise -->
