<?xml version="1.0" encoding="UTF-8"?>
<!-- Generated by org.testng.reporters.JUnitReportReporter -->
<testsuite skipped="0" hostname="DESKTOP-TPO6503" name="com.loginnn.Parameters_Test" tests="1" failures="0" timestamp="2021-01-30T17:59:57 IST" time="0.050" errors="0">
  <testcase name="credentials" time="0.050" classname="com.loginnn.Parameters_Test"/>
  <system-out/>
</testsuite> <!-- com.loginnn.Parameters_Test -->
