<?xml version="1.0" encoding="UTF-8"?>
<!-- Generated by org.testng.reporters.JUnitReportReporter -->
<testsuite skipped="0" hostname="DESKTOP-TPO6503" name="com.loginnn.Testng_project" tests="1" failures="0" timestamp="2021-01-30T16:56:24 IST" time="0.031" errors="0">
  <testcase name="cicking" time="0.031" classname="com.loginnn.Testng_project"/>
  <system-out/>
</testsuite> <!-- com.loginnn.Testng_project -->
